2019-10-02 12:37:21,545^|^upcenter^|^^|^INFO^|^org.springframework.boot.devtools.env.DevToolsPropertyDefaultsPostProcessor^|^restartedMain^|^Devtools property defaults active! Set 'spring.devtools.add-properties' to 'false' to disable
2019-10-02 12:37:22,140^|^upcenter^|^^|^INFO^|^org.springframework.context.support.PostProcessorRegistrationDelegate$BeanPostProcessorChecker^|^restartedMain^|^Bean 'org.springframework.cloud.autoconfigure.ConfigurationPropertiesRebinderAutoConfiguration' of type [org.springframework.cloud.autoconfigure.ConfigurationPropertiesRebinderAutoConfiguration$$EnhancerBySpringCGLIB$$ed8e4ff4] is not eligible for getting processed by all BeanPostProcessors (for example: not eligible for auto-proxying)
2019-10-02 12:37:25,322^|^upcenter^|^^|^INFO^|^com.putorn.powerdoc.Application^|^restartedMain^|^No active profile set, falling back to default profiles: default
2019-10-02 12:37:29,022^|^upcenter^|^^|^INFO^|^org.springframework.data.repository.config.RepositoryConfigurationDelegate^|^restartedMain^|^Multiple Spring Data modules found, entering strict repository configuration mode!
2019-10-02 12:37:29,036^|^upcenter^|^^|^INFO^|^org.springframework.data.repository.config.RepositoryConfigurationDelegate^|^restartedMain^|^Bootstrapping Spring Data repositories in DEFAULT mode.
2019-10-02 12:37:29,267^|^upcenter^|^^|^INFO^|^org.springframework.data.repository.config.RepositoryConfigurationDelegate^|^restartedMain^|^Finished Spring Data repository scanning in 149ms. Found 0 repository interfaces.
2019-10-02 12:37:30,328^|^upcenter^|^^|^INFO^|^org.springframework.cloud.context.scope.GenericScope^|^restartedMain^|^BeanFactory id=cc7bf405-412f-3da4-9549-568cb97b14a2
2019-10-02 12:37:30,521^|^upcenter^|^^|^INFO^|^org.springframework.context.support.PostProcessorRegistrationDelegate$BeanPostProcessorChecker^|^restartedMain^|^Bean 'org.springframework.transaction.annotation.ProxyTransactionManagementConfiguration' of type [org.springframework.transaction.annotation.ProxyTransactionManagementConfiguration$$EnhancerBySpringCGLIB$$d1744cf7] is not eligible for getting processed by all BeanPostProcessors (for example: not eligible for auto-proxying)
2019-10-02 12:37:30,584^|^upcenter^|^^|^INFO^|^org.springframework.context.support.PostProcessorRegistrationDelegate$BeanPostProcessorChecker^|^restartedMain^|^Bean 'org.springframework.cloud.autoconfigure.ConfigurationPropertiesRebinderAutoConfiguration' of type [org.springframework.cloud.autoconfigure.ConfigurationPropertiesRebinderAutoConfiguration$$EnhancerBySpringCGLIB$$ed8e4ff4] is not eligible for getting processed by all BeanPostProcessors (for example: not eligible for auto-proxying)
2019-10-02 12:37:32,124^|^upcenter^|^^|^INFO^|^org.springframework.boot.web.embedded.tomcat.TomcatWebServer^|^restartedMain^|^Tomcat initialized with port(s): 8081 (http)
2019-10-02 12:37:32,250^|^upcenter^|^^|^INFO^|^org.apache.coyote.http11.Http11NioProtocol^|^restartedMain^|^Initializing ProtocolHandler ["http-nio-8081"]
2019-10-02 12:37:32,307^|^upcenter^|^^|^INFO^|^org.apache.catalina.core.StandardService^|^restartedMain^|^Starting service [Tomcat]
2019-10-02 12:37:32,307^|^upcenter^|^^|^INFO^|^org.apache.catalina.core.StandardEngine^|^restartedMain^|^Starting Servlet engine: [Apache Tomcat/9.0.16]
2019-10-02 12:37:32,337^|^upcenter^|^^|^INFO^|^org.apache.catalina.core.AprLifecycleListener^|^restartedMain^|^The APR based Apache Tomcat Native library which allows optimal performance in production environments was not found on the java.library.path: [C:\Program Files\java\bin;C:\WINDOWS\Sun\Java\bin;C:\WINDOWS\system32;C:\WINDOWS;C:\ProgramData\Oracle\Java\javapath;C:\WINDOWS\system32;D:\jdk1.7\bin;D:\jdk1.7\jre\bin;E:\apache-maven-3.2.5\bin;C:\WINDOWS;C:\WINDOWS\System32\Wbem;C:\WINDOWS\System32\WindowsPowerShell\v1.0\;C:\WINDOWS\System32\OpenSSH\;C:\Program Files\Git\cmd;C:\Program Files\nodejs\;C:\Program Files (x86)\MySQL\MySQL Utilities 1.6\;C:\Users\Administrator\AppData\Local\Microsoft\WindowsApps;C:\Users\Administrator\AppData\Roaming\npm;;.]
2019-10-02 12:37:32,804^|^upcenter^|^^|^INFO^|^org.apache.catalina.core.ContainerBase.[Tomcat].[localhost].[/]^|^restartedMain^|^Initializing Spring embedded WebApplicationContext
2019-10-02 12:37:32,813^|^upcenter^|^^|^INFO^|^org.springframework.web.context.ContextLoader^|^restartedMain^|^Root WebApplicationContext: initialization completed in 7434 ms
2019-10-02 12:37:33,086^|^upcenter^|^^|^WARN^|^com.netflix.config.sources.URLConfigurationSource^|^restartedMain^|^No URLs will be polled as dynamic configuration sources.
2019-10-02 12:37:33,086^|^upcenter^|^^|^INFO^|^com.netflix.config.sources.URLConfigurationSource^|^restartedMain^|^To enable URLs as dynamic configuration sources, define System property archaius.configurationSource.additionalUrls or make config.properties available on classpath.
2019-10-02 12:37:33,137^|^upcenter^|^^|^INFO^|^com.netflix.config.DynamicPropertyFactory^|^restartedMain^|^DynamicPropertyFactory is initialized with configuration sources: com.netflix.config.ConcurrentCompositeConfiguration@1a7dd459
2019-10-02 12:37:37,088^|^upcenter^|^^|^INFO^|^org.springframework.boot.actuate.endpoint.web.EndpointLinksResolver^|^restartedMain^|^Exposing 2 endpoint(s) beneath base path '/actuator'
2019-10-02 12:37:37,257^|^upcenter^|^^|^INFO^|^springfox.documentation.spring.web.PropertySourcedRequestMappingHandlerMapping^|^restartedMain^|^Mapped URL path [/v2/api-docs] onto method [public org.springframework.http.ResponseEntity<springfox.documentation.spring.web.json.Json> springfox.documentation.swagger2.web.Swagger2Controller.getDocumentation(java.lang.String,javax.servlet.http.HttpServletRequest)]
2019-10-02 12:37:39,009^|^upcenter^|^^|^WARN^|^com.netflix.config.sources.URLConfigurationSource^|^restartedMain^|^No URLs will be polled as dynamic configuration sources.
2019-10-02 12:37:39,009^|^upcenter^|^^|^INFO^|^com.netflix.config.sources.URLConfigurationSource^|^restartedMain^|^To enable URLs as dynamic configuration sources, define System property archaius.configurationSource.additionalUrls or make config.properties available on classpath.
2019-10-02 12:37:39,355^|^upcenter^|^^|^INFO^|^org.springframework.scheduling.concurrent.ThreadPoolTaskExecutor^|^restartedMain^|^Initializing ExecutorService 'applicationTaskExecutor'
2019-10-02 12:37:39,560^|^upcenter^|^^|^INFO^|^org.springframework.boot.devtools.autoconfigure.OptionalLiveReloadServer^|^restartedMain^|^LiveReload server is running on port 35729
2019-10-02 12:37:39,777^|^upcenter^|^^|^INFO^|^org.springframework.boot.autoconfigure.web.servlet.WelcomePageHandlerMapping^|^restartedMain^|^Adding welcome page: ServletContext resource [/index.html]
2019-10-02 12:37:43,266^|^upcenter^|^^|^INFO^|^org.springframework.cloud.commons.util.InetUtils^|^restartedMain^|^Cannot determine local hostname
2019-10-02 12:37:43,546^|^upcenter^|^^|^INFO^|^springfox.documentation.spring.web.plugins.DocumentationPluginsBootstrapper^|^restartedMain^|^Context refreshed
2019-10-02 12:37:43,589^|^upcenter^|^^|^INFO^|^springfox.documentation.spring.web.plugins.DocumentationPluginsBootstrapper^|^restartedMain^|^Found 1 custom documentation plugin(s)
2019-10-02 12:37:43,684^|^upcenter^|^^|^INFO^|^springfox.documentation.spring.web.scanners.ApiListingReferenceScanner^|^restartedMain^|^Scanning for api listing references
2019-10-02 12:37:44,339^|^upcenter^|^^|^INFO^|^org.apache.coyote.http11.Http11NioProtocol^|^restartedMain^|^Starting ProtocolHandler ["http-nio-8081"]
2019-10-02 12:37:44,378^|^upcenter^|^^|^INFO^|^org.springframework.boot.web.embedded.tomcat.TomcatWebServer^|^restartedMain^|^Tomcat started on port(s): 8081 (http) with context path ''
2019-10-02 12:37:44,396^|^upcenter^|^^|^INFO^|^com.putorn.powerdoc.Application^|^restartedMain^|^Started Application in 27.362 seconds (JVM running for 34.306)
2019-10-02 12:38:24,693^|^upcenter^|^^|^INFO^|^org.apache.catalina.core.ContainerBase.[Tomcat].[localhost].[/]^|^http-nio-8081-exec-1^|^Initializing Spring DispatcherServlet 'dispatcherServlet'
2019-10-02 12:38:24,695^|^upcenter^|^^|^INFO^|^org.springframework.web.servlet.DispatcherServlet^|^http-nio-8081-exec-1^|^Initializing Servlet 'dispatcherServlet'
2019-10-02 12:38:24,728^|^upcenter^|^^|^INFO^|^org.springframework.web.servlet.DispatcherServlet^|^http-nio-8081-exec-1^|^Completed initialization in 33 ms
